<?xml version="1.0" encoding="UTF-8"?>
<!-- Generated by org.testng.reporters.JUnitReportReporter -->
<testsuite hostname="LAPTOP-JS2TRP8H" failures="0" tests="2" name="TeladocProject.UserMaintenance.UserMainTest" time="10.356" errors="0" timestamp="2021-11-15T11:42:24 PST" skipped="0">
  <testcase classname="TeladocProject.UserMaintenance.UserMainTest" name="createUser" time="6.225"/>
  <system-out/>
  <testcase classname="TeladocProject.UserMaintenance.UserMainTest" name="deleteuser" time="4.131"/>
  <system-out/>
</testsuite> <!-- TeladocProject.UserMaintenance.UserMainTest -->
