<?xml version="1.0" encoding="UTF-8"?>
<!-- Generated by org.testng.reporters.JUnitReportReporter -->
<testsuite hostname="LAPTOP-JS2TRP8H" failures="0" tests="2" name="TeladocProject.UserMaintenance.UserMain" time="26.356" errors="0" timestamp="2021-11-14T16:17:33 PST" skipped="0">
  <testcase classname="TeladocProject.UserMaintenance.UserMain" name="deleteuser" time="5.493"/>
  <system-out/>
  <testcase classname="TeladocProject.UserMaintenance.UserMain" name="createUser" time="20.863"/>
  <system-out/>
</testsuite> <!-- TeladocProject.UserMaintenance.UserMain -->
