<?xml version="1.0" encoding="UTF-8"?>
<!-- Generated by org.testng.reporters.JUnitReportReporter -->
<testsuite hostname="LAPTOP-JS2TRP8H" failures="0" tests="2" name="TeladocProject.UserMaintenance.UserMain" time="22.722" errors="0" timestamp="2021-11-14T11:57:33 PST" skipped="0">
  <testcase classname="TeladocProject.UserMaintenance.UserMain" name="createUser" time="17.794"/>
  <system-out/>
  <testcase classname="TeladocProject.UserMaintenance.UserMain" name="deleteuser" time="4.928"/>
  <system-out/>
</testsuite> <!-- TeladocProject.UserMaintenance.UserMain -->
